Traceback (most recent call last):
  File "C:\Users\jconr\anaconda3\envs\jk_venv\Lib\site-packages\jupyter_core\utils\__init__.py", line 154, in wrapped
    asyncio.get_running_loop()
RuntimeError: no running event loop

During handling of the above exception, another exception occurred:

Traceback (most recent call last):
  File "C:\Users\jconr\anaconda3\envs\jk_venv\Lib\site-packages\jupyter_cache\executors\utils.py", line 58, in single_nb_execution
    executenb(
  File "C:\Users\jconr\anaconda3\envs\jk_venv\Lib\site-packages\nbclient\client.py", line 1319, in execute
    return NotebookClient(nb=nb, resources=resources, km=km, **kwargs).execute()
           ^^^^^^^^^^^^^^^^^^^^^^^^^^^^^^^^^^^^^^^^^^^^^^^^^^^^^^^^^^^^^^^^^^^^^
  File "C:\Users\jconr\anaconda3\envs\jk_venv\Lib\site-packages\jupyter_core\utils\__init__.py", line 158, in wrapped
    return loop.run_until_complete(inner)
           ^^^^^^^^^^^^^^^^^^^^^^^^^^^^^^
  File "C:\Users\jconr\anaconda3\envs\jk_venv\Lib\asyncio\base_events.py", line 654, in run_until_complete
    return future.result()
           ^^^^^^^^^^^^^^^
  File "C:\Users\jconr\anaconda3\envs\jk_venv\Lib\site-packages\nbclient\client.py", line 709, in async_execute
    await self.async_execute_cell(
  File "C:\Users\jconr\anaconda3\envs\jk_venv\Lib\site-packages\nbclient\client.py", line 1062, in async_execute_cell
    await self._check_raise_for_error(cell, cell_index, exec_reply)
  File "C:\Users\jconr\anaconda3\envs\jk_venv\Lib\site-packages\nbclient\client.py", line 918, in _check_raise_for_error
    raise CellExecutionError.from_cell_and_msg(cell, exec_reply_content)
nbclient.exceptions.CellExecutionError: An error occurred while executing the following cell:
------------------
from IPython.display import Markdown

Markdown(imputabilidad.to_markdown(index=False))

imputabilidad = pd.DataFrame([
    ["ingresos",           "S√≠ (justificado)", "Si se imputa mal, puede distorsionar la relaci√≥n con demanda y cr√©dito", "KNN o regresi√≥n"],
    ["gasto_mensual",      "S√≠ (justificado)", "Imputar con promedio simple ser√≠a riesgoso, ya que depende de ingresos y segmento", "Regresi√≥n o imputaci√≥n condicional por segmento"],
    ["puntuacion_credito", "Parcial (alta duda)", "50% nulos ‚Üí imputar podr√≠a introducir mucho sesgo", "Analizar eliminar o usar KNN si es cr√≠tico"],
    ["estado_civil",       "S√≠ (parcial)", "Es categ√≥rica con 35% nulos ‚Üí imputar con moda puede sobre-representar un grupo", "Moda por grupo (ej. ciudad o edad)"],
    ["sexo",               "S√≠ (simple)", "Muy pocos nulos (2%) ‚Üí no afecta resultados", "Moda"],
    ["edad",               "S√≠ (simple)", "Pocos nulos (3%) ‚Üí bajo riesgo", "Mediana"],
    ["altura_cm",          "S√≠ (simple)", "Nulos bajos (8%). Riesgo bajo de sesgo", "Mediana"],
    ["nivel_educativo",    "S√≠ (justificado)", "10% nulos, imputar con moda directa puede ser v√°lido", "Moda"],
    ["ciudad",             "S√≠ (justificado)", "5% nulos, bajo riesgo", "Moda"],
    ["demanda",            "S√≠ (cuidado)", "15% nulos ‚Üí imputaci√≥n err√≥nea puede sesgar modelos de predicci√≥n", "Interpolaci√≥n o regresi√≥n"]
], columns=["Variable","¬øImputar?","Riesgo","M√©todo sugerido"])

imputabilidad

------------------


[31m---------------------------------------------------------------------------[39m
[31mNameError[39m                                 Traceback (most recent call last)
[36mCell[39m[36m [39m[32mIn[2][39m[32m, line 3[39m
[32m      1[39m [38;5;28;01mfrom[39;00m[38;5;250m [39m[34;01mIPython[39;00m[34;01m.[39;00m[34;01mdisplay[39;00m[38;5;250m [39m[38;5;28;01mimport[39;00m Markdown
[32m----> [39m[32m3[39m Markdown([43mimputabilidad[49m.to_markdown(index=[38;5;28;01mFalse[39;00m))
[32m      5[39m imputabilidad = pd.DataFrame([
[32m      6[39m     [[33m"[39m[33mingresos[39m[33m"[39m,           [33m"[39m[33mS√≠ (justificado)[39m[33m"[39m, [33m"[39m[33mSi se imputa mal, puede distorsionar la relaci√≥n con demanda y cr√©dito[39m[33m"[39m, [33m"[39m[33mKNN o regresi√≥n[39m[33m"[39m],
[32m      7[39m     [[33m"[39m[33mgasto_mensual[39m[33m"[39m,      [33m"[39m[33mS√≠ (justificado)[39m[33m"[39m, [33m"[39m[33mImputar con promedio simple ser√≠a riesgoso, ya que depende de ingresos y segmento[39m[33m"[39m, [33m"[39m[33mRegresi√≥n o imputaci√≥n condicional por segmento[39m[33m"[39m],
[32m   (...)[39m[32m     15[39m     [[33m"[39m[33mdemanda[39m[33m"[39m,            [33m"[39m[33mS√≠ (cuidado)[39m[33m"[39m, [33m"[39m[33m15[39m[33m%[39m[33m nulos ‚Üí imputaci√≥n err√≥nea puede sesgar modelos de predicci√≥n[39m[33m"[39m, [33m"[39m[33mInterpolaci√≥n o regresi√≥n[39m[33m"[39m]
[32m     16[39m ], columns=[[33m"[39m[33mVariable[39m[33m"[39m,[33m"[39m[33m¬øImputar?[39m[33m"[39m,[33m"[39m[33mRiesgo[39m[33m"[39m,[33m"[39m[33mM√©todo sugerido[39m[33m"[39m])
[32m     18[39m imputabilidad

[31mNameError[39m: name 'imputabilidad' is not defined

